# JRE version: Java(TM) SE Runtime Environment (8.0_201-b09) (build 1.8.0_201-b09)
# Java VM: Java HotSpot(TM) 64-Bit Server VM (25.201-b09 mixed mode windows-amd64 compressed oops)
Heap:
 PSYoungGen      total 207360K, used 16257K [0x00000000d8500000, 0x00000000e6500000, 0x0000000100000000)
  eden space 195584K, 8% used [0x00000000d8500000,0x00000000d94e07c0,0x00000000e4400000)
  from space 11776K, 0% used [0x00000000e4f80000,0x00000000e4f80000,0x00000000e5b00000)
  to   space 11776K, 0% used [0x00000000e4400000,0x00000000e4400000,0x00000000e4f80000)
 ParOldGen       total 60928K, used 13250K [0x0000000088e00000, 0x000000008c980000, 0x00000000d8500000)
  object space 60928K, 21% used [0x0000000088e00000,0x0000000089af0ad8,0x000000008c980000)
 Metaspace       used 37045K, capacity 38764K, committed 39168K, reserved 1083392K
  class space    used 4906K, capacity 5253K, committed 5376K, reserved 1048576K
GC Heap History (10 events):
Event: 2.093 GC heap before
{Heap before GC invocations=6 (full 1):
 PSYoungGen      total 66560K, used 5095K [0x00000000d8500000, 0x00000000e1000000, 0x0000000100000000)
  eden space 61440K, 0% used [0x00000000d8500000,0x00000000d8500000,0x00000000dc100000)
  from space 5120K, 99% used [0x00000000dc100000,0x00000000dc5f9eb8,0x00000000dc600000)
  to   space 9728K, 0% used [0x00000000e0680000,0x00000000e0680000,0x00000000e1000000)
 ParOldGen       total 81920K, used 6617K [0x0000000088e00000, 0x000000008de00000, 0x00000000d8500000)
  object space 81920K, 8% used [0x0000000088e00000,0x00000000894764c8,0x000000008de00000)
 Metaspace       used 20616K, capacity 21198K, committed 21296K, reserved 1067008K
  class space    used 2733K, capacity 2889K, committed 2944K, reserved 1048576K
Event: 2.145 GC heap after
Heap after GC invocations=6 (full 1):
 PSYoungGen      total 66560K, used 0K [0x00000000d8500000, 0x00000000e1000000, 0x0000000100000000)
  eden space 61440K, 0% used [0x00000000d8500000,0x00000000d8500000,0x00000000dc100000)
  from space 5120K, 0% used [0x00000000dc100000,0x00000000dc100000,0x00000000dc600000)
  to   space 9728K, 0% used [0x00000000e0680000,0x00000000e0680000,0x00000000e1000000)
 ParOldGen       total 45568K, used 5769K [0x0000000088e00000, 0x000000008ba80000, 0x00000000d8500000)
  object space 45568K, 12% used [0x0000000088e00000,0x00000000893a26e0,0x000000008ba80000)
 Metaspace       used 20614K, capacity 21192K, committed 21296K, reserved 1067008K
  class space    used 2733K, capacity 2888K, committed 2944K, reserved 1048576K
}
Event: 2.788 GC heap before
{Heap before GC invocations=7 (full 1):
 PSYoungGen      total 66560K, used 61440K [0x00000000d8500000, 0x00000000e1000000, 0x0000000100000000)
  eden space 61440K, 100% used [0x00000000d8500000,0x00000000dc100000,0x00000000dc100000)
  from space 5120K, 0% used [0x00000000dc100000,0x00000000dc100000,0x00000000dc600000)
  to   space 9728K, 0% used [0x00000000e0680000,0x00000000e0680000,0x00000000e1000000)
 ParOldGen       total 45568K, used 5769K [0x0000000088e00000, 0x000000008ba80000, 0x00000000d8500000)
  object space 45568K, 12% used [0x0000000088e00000,0x00000000893a26e0,0x000000008ba80000)
 Metaspace       used 24537K, capacity 25388K, committed 25600K, reserved 1071104K
  class space    used 3261K, capacity 3484K, committed 3584K, reserved 1048576K
Event: 2.796 GC heap after
Heap after GC invocations=7 (full 1):
 PSYoungGen      total 117760K, used 6294K [0x00000000d8500000, 0x00000000e0d00000, 0x0000000100000000)
  eden space 111104K, 0% used [0x00000000d8500000,0x00000000d8500000,0x00000000df180000)
  from space 6656K, 94% used [0x00000000e0680000,0x00000000e0ca5a98,0x00000000e0d00000)
  to   space 9216K, 0% used [0x00000000dfb00000,0x00000000dfb00000,0x00000000e0400000)
 ParOldGen       total 45568K, used 5777K [0x0000000088e00000, 0x000000008ba80000, 0x00000000d8500000)
  object space 45568K, 12% used [0x0000000088e00000,0x00000000893a46e0,0x000000008ba80000)
 Metaspace       used 24537K, capacity 25388K, committed 25600K, reserved 1071104K
  class space    used 3261K, capacity 3484K, committed 3584K, reserved 1048576K
}
Event: 4.225 GC heap before
{Heap before GC invocations=8 (full 1):
 PSYoungGen      total 117760K, used 117398K [0x00000000d8500000, 0x00000000e0d00000, 0x0000000100000000)
  eden space 111104K, 100% used [0x00000000d8500000,0x00000000df180000,0x00000000df180000)
  from space 6656K, 94% used [0x00000000e0680000,0x00000000e0ca5a98,0x00000000e0d00000)
  to   space 9216K, 0% used [0x00000000dfb00000,0x00000000dfb00000,0x00000000e0400000)
 ParOldGen       total 45568K, used 5777K [0x0000000088e00000, 0x000000008ba80000, 0x00000000d8500000)
  object space 45568K, 12% used [0x0000000088e00000,0x00000000893a46e0,0x000000008ba80000)
 Metaspace       used 31677K, capacity 33330K, committed 33536K, reserved 1079296K
  class space    used 4209K, capacity 4522K, committed 4608K, reserved 1048576K
Event: 4.240 GC heap after
Heap after GC invocations=8 (full 1):
 PSYoungGen      total 130048K, used 9193K [0x00000000d8500000, 0x00000000e5b00000, 0x0000000100000000)
  eden space 120832K, 0% used [0x00000000d8500000,0x00000000d8500000,0x00000000dfb00000)
  from space 9216K, 99% used [0x00000000dfb00000,0x00000000e03fa620,0x00000000e0400000)
  to   space 11776K, 0% used [0x00000000e4f80000,0x00000000e4f80000,0x00000000e5b00000)
 ParOldGen       total 45568K, used 9291K [0x0000000088e00000, 0x000000008ba80000, 0x00000000d8500000)
  object space 45568K, 20% used [0x0000000088e00000,0x0000000089712cf0,0x000000008ba80000)
 Metaspace       used 31677K, capacity 33330K, committed 33536K, reserved 1079296K
  class space    used 4209K, capacity 4522K, committed 4608K, reserved 1048576K
}
Event: 26.020 GC heap before
{Heap before GC invocations=9 (full 1):
 PSYoungGen      total 130048K, used 24012K [0x00000000d8500000, 0x00000000e5b00000, 0x0000000100000000)
  eden space 120832K, 12% used [0x00000000d8500000,0x00000000d9378ae0,0x00000000dfb00000)
  from space 9216K, 99% used [0x00000000dfb00000,0x00000000e03fa620,0x00000000e0400000)
  to   space 11776K, 0% used [0x00000000e4f80000,0x00000000e4f80000,0x00000000e5b00000)
 ParOldGen       total 45568K, used 9291K [0x0000000088e00000, 0x000000008ba80000, 0x00000000d8500000)
  object space 45568K, 20% used [0x0000000088e00000,0x0000000089712cf0,0x000000008ba80000)
 Metaspace       used 33750K, capacity 35400K, committed 35496K, reserved 1079296K
  class space    used 4441K, capacity 4795K, committed 4864K, reserved 1048576K
Event: 26.030 GC heap after
Heap after GC invocations=9 (full 1):
 PSYoungGen      total 207360K, used 8533K [0x00000000d8500000, 0x00000000e6500000, 0x0000000100000000)
  eden space 195584K, 0% used [0x00000000d8500000,0x00000000d8500000,0x00000000e4400000)
  from space 11776K, 72% used [0x00000000e4f80000,0x00000000e57d54c0,0x00000000e5b00000)
  to   space 11776K, 0% used [0x00000000e4400000,0x00000000e4400000,0x00000000e4f80000)
 ParOldGen       total 45568K, used 9299K [0x0000000088e00000, 0x000000008ba80000, 0x00000000d8500000)
  object space 45568K, 20% used [0x0000000088e00000,0x0000000089714cf0,0x000000008ba80000)
 Metaspace       used 33750K, capacity 35400K, committed 35496K, reserved 1079296K
  class space    used 4441K, capacity 4795K, committed 4864K, reserved 1048576K
}
Event: 26.030 GC heap before
{Heap before GC invocations=10 (full 2):
 PSYoungGen      total 207360K, used 8533K [0x00000000d8500000, 0x00000000e6500000, 0x0000000100000000)
  eden space 195584K, 0% used [0x00000000d8500000,0x00000000d8500000,0x00000000e4400000)
  from space 11776K, 72% used [0x00000000e4f80000,0x00000000e57d54c0,0x00000000e5b00000)
  to   space 11776K, 0% used [0x00000000e4400000,0x00000000e4400000,0x00000000e4f80000)
 ParOldGen       total 45568K, used 9299K [0x0000000088e00000, 0x000000008ba80000, 0x00000000d8500000)
  object space 45568K, 20% used [0x0000000088e00000,0x0000000089714cf0,0x000000008ba80000)
 Metaspace       used 33750K, capacity 35400K, committed 35496K, reserved 1079296K
  class space    used 4441K, capacity 4795K, committed 4864K, reserved 1048576K
Event: 26.085 GC heap after
Heap after GC invocations=10 (full 2):
 PSYoungGen      total 207360K, used 0K [0x00000000d8500000, 0x00000000e6500000, 0x0000000100000000)
  eden space 195584K, 0% used [0x00000000d8500000,0x00000000d8500000,0x00000000e4400000)
  from space 11776K, 0% used [0x00000000e4f80000,0x00000000e4f80000,0x00000000e5b00000)
  to   space 11776K, 0% used [0x00000000e4400000,0x00000000e4400000,0x00000000e4f80000)
 ParOldGen       total 60928K, used 13250K [0x0000000088e00000, 0x000000008c980000, 0x00000000d8500000)
  object space 60928K, 21% used [0x0000000088e00000,0x0000000089af0ad8,0x000000008c980000)
 Metaspace       used 33750K, capacity 35400K, committed 35496K, reserved 1079296K
  class space    used 4441K, capacity 4795K, committed 4864K, reserved 1048576K
}

