# JRE version: Java(TM) SE Runtime Environment (8.0_201-b09) (build 1.8.0_201-b09)
# Java VM: Java HotSpot(TM) 64-Bit Server VM (25.201-b09 mixed mode windows-amd64 compressed oops)
Heap:
 PSYoungGen      total 216576K, used 16079K [0x00000000d8500000, 0x00000000e6b00000, 0x0000000100000000)
  eden space 204288K, 7% used [0x00000000d8500000,0x00000000d94b3d48,0x00000000e4c80000)
  from space 12288K, 0% used [0x00000000e5880000,0x00000000e5880000,0x00000000e6480000)
  to   space 12288K, 0% used [0x00000000e4c80000,0x00000000e4c80000,0x00000000e5880000)
 ParOldGen       total 59904K, used 13180K [0x0000000088e00000, 0x000000008c880000, 0x00000000d8500000)
  object space 59904K, 22% used [0x0000000088e00000,0x0000000089adf0c0,0x000000008c880000)
 Metaspace       used 37095K, capacity 38824K, committed 39168K, reserved 1083392K
  class space    used 4905K, capacity 5253K, committed 5376K, reserved 1048576K
GC Heap History (10 events):
Event: 2.000 GC heap before
{Heap before GC invocations=6 (full 1):
 PSYoungGen      total 66560K, used 5104K [0x00000000d8500000, 0x00000000e1000000, 0x0000000100000000)
  eden space 61440K, 0% used [0x00000000d8500000,0x00000000d8500000,0x00000000dc100000)
  from space 5120K, 99% used [0x00000000dc100000,0x00000000dc5fc1f8,0x00000000dc600000)
  to   space 9728K, 0% used [0x00000000e0680000,0x00000000e0680000,0x00000000e1000000)
 ParOldGen       total 81920K, used 6720K [0x0000000088e00000, 0x000000008de00000, 0x00000000d8500000)
  object space 81920K, 8% used [0x0000000088e00000,0x0000000089490120,0x000000008de00000)
 Metaspace       used 20660K, capacity 21230K, committed 21296K, reserved 1067008K
  class space    used 2753K, capacity 2921K, committed 2944K, reserved 1048576K
Event: 2.035 GC heap after
Heap after GC invocations=6 (full 1):
 PSYoungGen      total 66560K, used 0K [0x00000000d8500000, 0x00000000e1000000, 0x0000000100000000)
  eden space 61440K, 0% used [0x00000000d8500000,0x00000000d8500000,0x00000000dc100000)
  from space 5120K, 0% used [0x00000000dc100000,0x00000000dc100000,0x00000000dc600000)
  to   space 9728K, 0% used [0x00000000e0680000,0x00000000e0680000,0x00000000e1000000)
 ParOldGen       total 45056K, used 5700K [0x0000000088e00000, 0x000000008ba00000, 0x00000000d8500000)
  object space 45056K, 12% used [0x0000000088e00000,0x00000000893910e8,0x000000008ba00000)
 Metaspace       used 20658K, capacity 21224K, committed 21296K, reserved 1067008K
  class space    used 2752K, capacity 2920K, committed 2944K, reserved 1048576K
}
Event: 2.636 GC heap before
{Heap before GC invocations=7 (full 1):
 PSYoungGen      total 66560K, used 61440K [0x00000000d8500000, 0x00000000e1000000, 0x0000000100000000)
  eden space 61440K, 100% used [0x00000000d8500000,0x00000000dc100000,0x00000000dc100000)
  from space 5120K, 0% used [0x00000000dc100000,0x00000000dc100000,0x00000000dc600000)
  to   space 9728K, 0% used [0x00000000e0680000,0x00000000e0680000,0x00000000e1000000)
 ParOldGen       total 45056K, used 5700K [0x0000000088e00000, 0x000000008ba00000, 0x00000000d8500000)
  object space 45056K, 12% used [0x0000000088e00000,0x00000000893910e8,0x000000008ba00000)
 Metaspace       used 24437K, capacity 25268K, committed 25472K, reserved 1071104K
  class space    used 3242K, capacity 3448K, committed 3456K, reserved 1048576K
Event: 2.648 GC heap after
Heap after GC invocations=7 (full 1):
 PSYoungGen      total 119296K, used 5950K [0x00000000d8500000, 0x00000000e0c80000, 0x0000000100000000)
  eden space 113152K, 0% used [0x00000000d8500000,0x00000000d8500000,0x00000000df380000)
  from space 6144K, 96% used [0x00000000e0680000,0x00000000e0c4f978,0x00000000e0c80000)
  to   space 9216K, 0% used [0x00000000dfa80000,0x00000000dfa80000,0x00000000e0380000)
 ParOldGen       total 45056K, used 5772K [0x0000000088e00000, 0x000000008ba00000, 0x00000000d8500000)
  object space 45056K, 12% used [0x0000000088e00000,0x00000000893a30f8,0x000000008ba00000)
 Metaspace       used 24437K, capacity 25268K, committed 25472K, reserved 1071104K
  class space    used 3242K, capacity 3448K, committed 3456K, reserved 1048576K
}
Event: 4.206 GC heap before
{Heap before GC invocations=8 (full 1):
 PSYoungGen      total 119296K, used 119102K [0x00000000d8500000, 0x00000000e0c80000, 0x0000000100000000)
  eden space 113152K, 100% used [0x00000000d8500000,0x00000000df380000,0x00000000df380000)
  from space 6144K, 96% used [0x00000000e0680000,0x00000000e0c4f978,0x00000000e0c80000)
  to   space 9216K, 0% used [0x00000000dfa80000,0x00000000dfa80000,0x00000000e0380000)
 ParOldGen       total 45056K, used 5772K [0x0000000088e00000, 0x000000008ba00000, 0x00000000d8500000)
  object space 45056K, 12% used [0x0000000088e00000,0x00000000893a30f8,0x000000008ba00000)
 Metaspace       used 31733K, capacity 33390K, committed 33536K, reserved 1079296K
  class space    used 4210K, capacity 4522K, committed 4608K, reserved 1048576K
Event: 4.225 GC heap after
Heap after GC invocations=8 (full 1):
 PSYoungGen      total 129536K, used 9208K [0x00000000d8500000, 0x00000000e6480000, 0x0000000100000000)
  eden space 120320K, 0% used [0x00000000d8500000,0x00000000d8500000,0x00000000dfa80000)
  from space 9216K, 99% used [0x00000000dfa80000,0x00000000e037e0a8,0x00000000e0380000)
  to   space 12288K, 0% used [0x00000000e5880000,0x00000000e5880000,0x00000000e6480000)
 ParOldGen       total 45056K, used 9319K [0x0000000088e00000, 0x000000008ba00000, 0x00000000d8500000)
  object space 45056K, 20% used [0x0000000088e00000,0x0000000089719ca8,0x000000008ba00000)
 Metaspace       used 31733K, capacity 33390K, committed 33536K, reserved 1079296K
  class space    used 4210K, capacity 4522K, committed 4608K, reserved 1048576K
}
Event: 9.730 GC heap before
{Heap before GC invocations=9 (full 1):
 PSYoungGen      total 129536K, used 24640K [0x00000000d8500000, 0x00000000e6480000, 0x0000000100000000)
  eden space 120320K, 12% used [0x00000000d8500000,0x00000000d9412128,0x00000000dfa80000)
  from space 9216K, 99% used [0x00000000dfa80000,0x00000000e037e0a8,0x00000000e0380000)
  to   space 12288K, 0% used [0x00000000e5880000,0x00000000e5880000,0x00000000e6480000)
 ParOldGen       total 45056K, used 9319K [0x0000000088e00000, 0x000000008ba00000, 0x00000000d8500000)
  object space 45056K, 20% used [0x0000000088e00000,0x0000000089719ca8,0x000000008ba00000)
 Metaspace       used 33710K, capacity 35396K, committed 35496K, reserved 1079296K
  class space    used 4431K, capacity 4795K, committed 4864K, reserved 1048576K
Event: 9.739 GC heap after
Heap after GC invocations=9 (full 1):
 PSYoungGen      total 216576K, used 8583K [0x00000000d8500000, 0x00000000e6b00000, 0x0000000100000000)
  eden space 204288K, 0% used [0x00000000d8500000,0x00000000d8500000,0x00000000e4c80000)
  from space 12288K, 69% used [0x00000000e5880000,0x00000000e60e1d18,0x00000000e6480000)
  to   space 12288K, 0% used [0x00000000e4c80000,0x00000000e4c80000,0x00000000e5880000)
 ParOldGen       total 45056K, used 9327K [0x0000000088e00000, 0x000000008ba00000, 0x00000000d8500000)
  object space 45056K, 20% used [0x0000000088e00000,0x000000008971bca8,0x000000008ba00000)
 Metaspace       used 33710K, capacity 35396K, committed 35496K, reserved 1079296K
  class space    used 4431K, capacity 4795K, committed 4864K, reserved 1048576K
}
Event: 9.739 GC heap before
{Heap before GC invocations=10 (full 2):
 PSYoungGen      total 216576K, used 8583K [0x00000000d8500000, 0x00000000e6b00000, 0x0000000100000000)
  eden space 204288K, 0% used [0x00000000d8500000,0x00000000d8500000,0x00000000e4c80000)
  from space 12288K, 69% used [0x00000000e5880000,0x00000000e60e1d18,0x00000000e6480000)
  to   space 12288K, 0% used [0x00000000e4c80000,0x00000000e4c80000,0x00000000e5880000)
 ParOldGen       total 45056K, used 9327K [0x0000000088e00000, 0x000000008ba00000, 0x00000000d8500000)
  object space 45056K, 20% used [0x0000000088e00000,0x000000008971bca8,0x000000008ba00000)
 Metaspace       used 33710K, capacity 35396K, committed 35496K, reserved 1079296K
  class space    used 4431K, capacity 4795K, committed 4864K, reserved 1048576K
Event: 9.800 GC heap after
Heap after GC invocations=10 (full 2):
 PSYoungGen      total 216576K, used 0K [0x00000000d8500000, 0x00000000e6b00000, 0x0000000100000000)
  eden space 204288K, 0% used [0x00000000d8500000,0x00000000d8500000,0x00000000e4c80000)
  from space 12288K, 0% used [0x00000000e5880000,0x00000000e5880000,0x00000000e6480000)
  to   space 12288K, 0% used [0x00000000e4c80000,0x00000000e4c80000,0x00000000e5880000)
 ParOldGen       total 59904K, used 13180K [0x0000000088e00000, 0x000000008c880000, 0x00000000d8500000)
  object space 59904K, 22% used [0x0000000088e00000,0x0000000089adf0c0,0x000000008c880000)
 Metaspace       used 33710K, capacity 35396K, committed 35496K, reserved 1079296K
  class space    used 4431K, capacity 4795K, committed 4864K, reserved 1048576K
}

